0 info it worked if it ends with ok
1 verbose cli [ 'C:\\Program Files\\nodejs\\node.exe',
1 verbose cli   'C:\\Program Files\\nodejs\\node_modules\\npm\\bin\\npm-cli.js',
1 verbose cli   'run',
1 verbose cli   'lite' ]
2 info using npm@4.1.2
3 info using node@v7.7.4
4 verbose run-script [ 'prelite', 'lite', 'postlite' ]
5 info lifecycle a2website@1.0.1~prelite: a2website@1.0.1
6 silly lifecycle a2website@1.0.1~prelite: no script for prelite, continuing
7 info lifecycle a2website@1.0.1~lite: a2website@1.0.1
8 verbose lifecycle a2website@1.0.1~lite: unsafe-perm in lifecycle true
9 verbose lifecycle a2website@1.0.1~lite: PATH: C:\Program Files\nodejs\node_modules\npm\bin\node-gyp-bin;C:\projects\angular\1RC6 Runnable Code a2website\node_modules\.bin;C:\Program Files\nodejs\node_modules\npm\bin\node-gyp-bin;C:\projects\angular\1RC6 Runnable Code a2website\node_modules\.bin;C:\ProgramData\Oracle\Java\javapath;C:\Program Files (x86)\Intel\iCLS Client\;C:\Program Files\Intel\iCLS Client\;C:\Windows\system32;C:\Windows;C:\Windows\System32\Wbem;C:\Windows\System32\WindowsPowerShell\v1.0\;C:\Program Files (x86)\Intel\Intel(R) Management Engine Components\DAL;C:\Program Files\Intel\Intel(R) Management Engine Components\DAL;C:\Program Files (x86)\Intel\Intel(R) Management Engine Components\IPT;C:\Program Files\Intel\Intel(R) Management Engine Components\IPT;C:\Program Files (x86)\NVIDIA Corporation\PhysX\Common;C:\Program Files\nodejs\;C:\Program Files\Git\cmd;C:\Users\Omar\AppData\Local\Microsoft\WindowsApps;C:\Users\Omar\AppData\Roaming\npm;C:\Program Files (x86)\Microsoft VS Code\bin
10 verbose lifecycle a2website@1.0.1~lite: CWD: C:\projects\angular\1RC6 Runnable Code a2website
11 silly lifecycle a2website@1.0.1~lite: Args: [ '/d /s /c', 'lite-server' ]
12 silly lifecycle a2website@1.0.1~lite: Returned: code: 3  signal: null
13 info lifecycle a2website@1.0.1~lite: Failed to exec lite script
14 verbose stack Error: a2website@1.0.1 lite: `lite-server`
14 verbose stack Exit status 3
14 verbose stack     at EventEmitter.<anonymous> (C:\Program Files\nodejs\node_modules\npm\lib\utils\lifecycle.js:279:16)
14 verbose stack     at emitTwo (events.js:106:13)
14 verbose stack     at EventEmitter.emit (events.js:194:7)
14 verbose stack     at ChildProcess.<anonymous> (C:\Program Files\nodejs\node_modules\npm\lib\utils\spawn.js:40:14)
14 verbose stack     at emitTwo (events.js:106:13)
14 verbose stack     at ChildProcess.emit (events.js:194:7)
14 verbose stack     at maybeClose (internal/child_process.js:899:16)
14 verbose stack     at Process.ChildProcess._handle.onexit (internal/child_process.js:226:5)
15 verbose pkgid a2website@1.0.1
16 verbose cwd C:\projects\angular\1RC6 Runnable Code a2website
17 error Windows_NT 10.0.14393
18 error argv "C:\\Program Files\\nodejs\\node.exe" "C:\\Program Files\\nodejs\\node_modules\\npm\\bin\\npm-cli.js" "run" "lite"
19 error node v7.7.4
20 error npm  v4.1.2
21 error code ELIFECYCLE
22 error a2website@1.0.1 lite: `lite-server`
22 error Exit status 3
23 error Failed at the a2website@1.0.1 lite script 'lite-server'.
23 error Make sure you have the latest version of node.js and npm installed.
23 error If you do, this is most likely a problem with the a2website package,
23 error not with npm itself.
23 error Tell the author that this fails on your system:
23 error     lite-server
23 error You can get information on how to open an issue for this project with:
23 error     npm bugs a2website
23 error Or if that isn't available, you can get their info via:
23 error     npm owner ls a2website
23 error There is likely additional logging output above.
24 verbose exit [ 1, true ]
